Analysis & Synthesis report for dd_final_project
Wed Apr 12 20:34:09 2023
Quartus Prime Version 20.1.1 Build 720 11/11/2020 SJ Lite Edition


---------------------
; Table of Contents ;
---------------------
  1. Legal Notice
  2. Analysis & Synthesis Summary
  3. Analysis & Synthesis Settings
  4. Parallel Compilation
  5. Analysis & Synthesis Source Files Read
  6. Analysis & Synthesis Resource Usage Summary
  7. Analysis & Synthesis Resource Utilization by Entity
  8. State Machine - |controller|state_r
  9. General Register Statistics
 10. Multiplexer Restructuring Statistics (Restructuring Performed)
 11. Post-Synthesis Netlist Statistics for Top Partition
 12. Elapsed Time Per Partition
 13. Analysis & Synthesis Messages



----------------
; Legal Notice ;
----------------
Copyright (C) 2020  Intel Corporation. All rights reserved.
Your use of Intel Corporation's design tools, logic functions 
and other software and tools, and any partner logic 
functions, and any output files from any of the foregoing 
(including device programming or simulation files), and any 
associated documentation or information are expressly subject 
to the terms and conditions of the Intel Program License 
Subscription Agreement, the Intel Quartus Prime License Agreement,
the Intel FPGA IP License Agreement, or other applicable license
agreement, including, without limitation, that your use is for
the sole purpose of programming logic devices manufactured by
Intel and sold by Intel or its authorized distributors.  Please
refer to the applicable agreement for further details, at
https://fpgasoftware.intel.com/eula.



+----------------------------------------------------------------------------------+
; Analysis & Synthesis Summary                                                     ;
+------------------------------------+---------------------------------------------+
; Analysis & Synthesis Status        ; Successful - Wed Apr 12 20:34:09 2023       ;
; Quartus Prime Version              ; 20.1.1 Build 720 11/11/2020 SJ Lite Edition ;
; Revision Name                      ; dd_final_project                            ;
; Top-level Entity Name              ; controller                                  ;
; Family                             ; MAX 10                                      ;
; Total logic elements               ; 78                                          ;
;     Total combinational functions  ; 66                                          ;
;     Dedicated logic registers      ; 36                                          ;
; Total registers                    ; 36                                          ;
; Total pins                         ; 39                                          ;
; Total virtual pins                 ; 0                                           ;
; Total memory bits                  ; 0                                           ;
; Embedded Multiplier 9-bit elements ; 0                                           ;
; Total PLLs                         ; 0                                           ;
; UFM blocks                         ; 0                                           ;
; ADC blocks                         ; 0                                           ;
+------------------------------------+---------------------------------------------+


+------------------------------------------------------------------------------------------------------------+
; Analysis & Synthesis Settings                                                                              ;
+------------------------------------------------------------------+--------------------+--------------------+
; Option                                                           ; Setting            ; Default Value      ;
+------------------------------------------------------------------+--------------------+--------------------+
; Device                                                           ; 10M50DAF484C6GES   ;                    ;
; Top-level entity name                                            ; controller         ; dd_final_project   ;
; Family name                                                      ; MAX 10             ; Cyclone V          ;
; Use smart compilation                                            ; Off                ; Off                ;
; Enable parallel Assembler and Timing Analyzer during compilation ; On                 ; On                 ;
; Enable compact report table                                      ; Off                ; Off                ;
; Restructure Multiplexers                                         ; Auto               ; Auto               ;
; Create Debugging Nodes for IP Cores                              ; Off                ; Off                ;
; Preserve fewer node names                                        ; On                 ; On                 ;
; Intel FPGA IP Evaluation Mode                                    ; Enable             ; Enable             ;
; Verilog Version                                                  ; Verilog_2001       ; Verilog_2001       ;
; VHDL Version                                                     ; VHDL_1993          ; VHDL_1993          ;
; State Machine Processing                                         ; Auto               ; Auto               ;
; Safe State Machine                                               ; Off                ; Off                ;
; Extract Verilog State Machines                                   ; On                 ; On                 ;
; Extract VHDL State Machines                                      ; On                 ; On                 ;
; Ignore Verilog initial constructs                                ; Off                ; Off                ;
; Iteration limit for constant Verilog loops                       ; 5000               ; 5000               ;
; Iteration limit for non-constant Verilog loops                   ; 250                ; 250                ;
; Add Pass-Through Logic to Inferred RAMs                          ; On                 ; On                 ;
; Infer RAMs from Raw Logic                                        ; On                 ; On                 ;
; Parallel Synthesis                                               ; On                 ; On                 ;
; DSP Block Balancing                                              ; Auto               ; Auto               ;
; NOT Gate Push-Back                                               ; On                 ; On                 ;
; Power-Up Don't Care                                              ; On                 ; On                 ;
; Remove Redundant Logic Cells                                     ; Off                ; Off                ;
; Remove Duplicate Registers                                       ; On                 ; On                 ;
; Ignore CARRY Buffers                                             ; Off                ; Off                ;
; Ignore CASCADE Buffers                                           ; Off                ; Off                ;
; Ignore GLOBAL Buffers                                            ; Off                ; Off                ;
; Ignore ROW GLOBAL Buffers                                        ; Off                ; Off                ;
; Ignore LCELL Buffers                                             ; Off                ; Off                ;
; Ignore SOFT Buffers                                              ; On                 ; On                 ;
; Limit AHDL Integers to 32 Bits                                   ; Off                ; Off                ;
; Optimization Technique                                           ; Balanced           ; Balanced           ;
; Carry Chain Length                                               ; 70                 ; 70                 ;
; Auto Carry Chains                                                ; On                 ; On                 ;
; Auto Open-Drain Pins                                             ; On                 ; On                 ;
; Perform WYSIWYG Primitive Resynthesis                            ; Off                ; Off                ;
; Auto ROM Replacement                                             ; On                 ; On                 ;
; Auto RAM Replacement                                             ; On                 ; On                 ;
; Auto DSP Block Replacement                                       ; On                 ; On                 ;
; Auto Shift Register Replacement                                  ; Auto               ; Auto               ;
; Allow Shift Register Merging across Hierarchies                  ; Auto               ; Auto               ;
; Auto Clock Enable Replacement                                    ; On                 ; On                 ;
; Strict RAM Replacement                                           ; Off                ; Off                ;
; Allow Synchronous Control Signals                                ; On                 ; On                 ;
; Force Use of Synchronous Clear Signals                           ; Off                ; Off                ;
; Auto RAM Block Balancing                                         ; On                 ; On                 ;
; Auto RAM to Logic Cell Conversion                                ; Off                ; Off                ;
; Auto Resource Sharing                                            ; Off                ; Off                ;
; Allow Any RAM Size For Recognition                               ; Off                ; Off                ;
; Allow Any ROM Size For Recognition                               ; Off                ; Off                ;
; Allow Any Shift Register Size For Recognition                    ; Off                ; Off                ;
; Use LogicLock Constraints during Resource Balancing              ; On                 ; On                 ;
; Ignore translate_off and synthesis_off directives                ; Off                ; Off                ;
; Timing-Driven Synthesis                                          ; On                 ; On                 ;
; Report Parameter Settings                                        ; On                 ; On                 ;
; Report Source Assignments                                        ; On                 ; On                 ;
; Report Connectivity Checks                                       ; On                 ; On                 ;
; Ignore Maximum Fan-Out Assignments                               ; Off                ; Off                ;
; Synchronization Register Chain Length                            ; 2                  ; 2                  ;
; Power Optimization During Synthesis                              ; Normal compilation ; Normal compilation ;
; HDL message level                                                ; Level2             ; Level2             ;
; Suppress Register Optimization Related Messages                  ; Off                ; Off                ;
; Number of Removed Registers Reported in Synthesis Report         ; 5000               ; 5000               ;
; Number of Swept Nodes Reported in Synthesis Report               ; 5000               ; 5000               ;
; Number of Inverted Registers Reported in Synthesis Report        ; 100                ; 100                ;
; Clock MUX Protection                                             ; On                 ; On                 ;
; Auto Gated Clock Conversion                                      ; Off                ; Off                ;
; Block Design Naming                                              ; Auto               ; Auto               ;
; SDC constraint protection                                        ; Off                ; Off                ;
; Synthesis Effort                                                 ; Auto               ; Auto               ;
; Shift Register Replacement - Allow Asynchronous Clear Signal     ; On                 ; On                 ;
; Pre-Mapping Resynthesis Optimization                             ; Off                ; Off                ;
; Analysis & Synthesis Message Level                               ; Medium             ; Medium             ;
; Disable Register Merging Across Hierarchies                      ; Auto               ; Auto               ;
; Resource Aware Inference For Block RAM                           ; On                 ; On                 ;
+------------------------------------------------------------------+--------------------+--------------------+


+------------------------------------------+
; Parallel Compilation                     ;
+----------------------------+-------------+
; Processors                 ; Number      ;
+----------------------------+-------------+
; Number detected on machine ; 24          ;
; Maximum allowed            ; 16          ;
;                            ;             ;
; Average used               ; 1.00        ;
; Maximum used               ; 16          ;
;                            ;             ;
; Usage by Processor         ; % Time Used ;
;     Processor 1            ; 100.0%      ;
;     Processors 2-16        ;   0.0%      ;
+----------------------------+-------------+


+------------------------------------------------------------------------------------------------------------------------------------------------------------+
; Analysis & Synthesis Source Files Read                                                                                                                     ;
+----------------------------------+-----------------+-----------------+---------------------------------------------------------------------------+---------+
; File Name with User-Entered Path ; Used in Netlist ; File Type       ; File Name with Absolute Path                                              ; Library ;
+----------------------------------+-----------------+-----------------+---------------------------------------------------------------------------+---------+
; ../controller.vhd                ; yes             ; User VHDL File  ; C:/Users/klein/Documents/school/digitaldesign/finalproject/controller.vhd ;         ;
+----------------------------------+-----------------+-----------------+---------------------------------------------------------------------------+---------+


+---------------------------------------------------------+
; Analysis & Synthesis Resource Usage Summary             ;
+---------------------------------------------+-----------+
; Resource                                    ; Usage     ;
+---------------------------------------------+-----------+
; Estimated Total logic elements              ; 78        ;
;                                             ;           ;
; Total combinational functions               ; 66        ;
; Logic element usage by number of LUT inputs ;           ;
;     -- 4 input functions                    ; 43        ;
;     -- 3 input functions                    ; 14        ;
;     -- <=2 input functions                  ; 9         ;
;                                             ;           ;
; Logic elements by mode                      ;           ;
;     -- normal mode                          ; 66        ;
;     -- arithmetic mode                      ; 0         ;
;                                             ;           ;
; Total registers                             ; 36        ;
;     -- Dedicated logic registers            ; 36        ;
;     -- I/O registers                        ; 0         ;
;                                             ;           ;
; I/O pins                                    ; 39        ;
;                                             ;           ;
; Embedded Multiplier 9-bit elements          ; 0         ;
;                                             ;           ;
; Maximum fan-out node                        ; clk~input ;
; Maximum fan-out                             ; 36        ;
; Total fan-out                               ; 398       ;
; Average fan-out                             ; 2.21      ;
+---------------------------------------------+-----------+


+------------------------------------------------------------------------------------------------------------------------------------------------------------------------------------------------------------------------------------+
; Analysis & Synthesis Resource Utilization by Entity                                                                                                                                                                                ;
+----------------------------+---------------------+---------------------------+-------------+------------+--------------+---------+-----------+------+--------------+------------+---------------------+-------------+--------------+
; Compilation Hierarchy Node ; Combinational ALUTs ; Dedicated Logic Registers ; Memory Bits ; UFM Blocks ; DSP Elements ; DSP 9x9 ; DSP 18x18 ; Pins ; Virtual Pins ; ADC blocks ; Full Hierarchy Name ; Entity Name ; Library Name ;
+----------------------------+---------------------+---------------------------+-------------+------------+--------------+---------+-----------+------+--------------+------------+---------------------+-------------+--------------+
; |controller                ; 66 (66)             ; 36 (36)                   ; 0           ; 0          ; 0            ; 0       ; 0         ; 39   ; 0            ; 0          ; |controller         ; controller  ; work         ;
+----------------------------+---------------------+---------------------------+-------------+------------+--------------+---------+-----------+------+--------------+------------+---------------------+-------------+--------------+
Note: For table entries with two numbers listed, the numbers in parentheses indicate the number of resources of the given type used by the specific entity alone. The numbers listed outside of parentheses indicate the total resources of the given type used by the specific entity and all of its sub-entities in the hierarchy.


Encoding Type:  One-Hot
+------------------------------------------------------------------------------------------------------------------------------------------------------------------------------------------------------------------------------------------------------------------------------------------------------------------------------------------------------------------------------------------------------+
; State Machine - |controller|state_r                                                                                                                                                                                                                                                                                                                                                                  ;
+------------------------------+-----------------+-----------------+----------------------+----------------------+--------------+--------------------+--------------------+------------------------------+------------------------------+-----------------+-----------------+-----------------+-----------------+----------------------------+----------------------------+----------------------------+
; Name                         ; state_r.Branch2 ; state_r.Branch1 ; state_r.JumpAndLink2 ; state_r.JumpAndLink1 ; state_r.jump ; state_r.load_word4 ; state_r.load_word3 ; state_r.load_and_store_word2 ; state_r.load_and_store_word1 ; state_r.i_type2 ; state_r.i_type1 ; state_r.r_type2 ; state_r.r_type1 ; state_r.instruction_decode ; state_r.instruction_fetch2 ; state_r.instruction_fetch1 ;
+------------------------------+-----------------+-----------------+----------------------+----------------------+--------------+--------------------+--------------------+------------------------------+------------------------------+-----------------+-----------------+-----------------+-----------------+----------------------------+----------------------------+----------------------------+
; state_r.instruction_fetch1   ; 0               ; 0               ; 0                    ; 0                    ; 0            ; 0                  ; 0                  ; 0                            ; 0                            ; 0               ; 0               ; 0               ; 0               ; 0                          ; 0                          ; 0                          ;
; state_r.instruction_fetch2   ; 0               ; 0               ; 0                    ; 0                    ; 0            ; 0                  ; 0                  ; 0                            ; 0                            ; 0               ; 0               ; 0               ; 0               ; 0                          ; 1                          ; 1                          ;
; state_r.instruction_decode   ; 0               ; 0               ; 0                    ; 0                    ; 0            ; 0                  ; 0                  ; 0                            ; 0                            ; 0               ; 0               ; 0               ; 0               ; 1                          ; 0                          ; 1                          ;
; state_r.r_type1              ; 0               ; 0               ; 0                    ; 0                    ; 0            ; 0                  ; 0                  ; 0                            ; 0                            ; 0               ; 0               ; 0               ; 1               ; 0                          ; 0                          ; 1                          ;
; state_r.r_type2              ; 0               ; 0               ; 0                    ; 0                    ; 0            ; 0                  ; 0                  ; 0                            ; 0                            ; 0               ; 0               ; 1               ; 0               ; 0                          ; 0                          ; 1                          ;
; state_r.i_type1              ; 0               ; 0               ; 0                    ; 0                    ; 0            ; 0                  ; 0                  ; 0                            ; 0                            ; 0               ; 1               ; 0               ; 0               ; 0                          ; 0                          ; 1                          ;
; state_r.i_type2              ; 0               ; 0               ; 0                    ; 0                    ; 0            ; 0                  ; 0                  ; 0                            ; 0                            ; 1               ; 0               ; 0               ; 0               ; 0                          ; 0                          ; 1                          ;
; state_r.load_and_store_word1 ; 0               ; 0               ; 0                    ; 0                    ; 0            ; 0                  ; 0                  ; 0                            ; 1                            ; 0               ; 0               ; 0               ; 0               ; 0                          ; 0                          ; 1                          ;
; state_r.load_and_store_word2 ; 0               ; 0               ; 0                    ; 0                    ; 0            ; 0                  ; 0                  ; 1                            ; 0                            ; 0               ; 0               ; 0               ; 0               ; 0                          ; 0                          ; 1                          ;
; state_r.load_word3           ; 0               ; 0               ; 0                    ; 0                    ; 0            ; 0                  ; 1                  ; 0                            ; 0                            ; 0               ; 0               ; 0               ; 0               ; 0                          ; 0                          ; 1                          ;
; state_r.load_word4           ; 0               ; 0               ; 0                    ; 0                    ; 0            ; 1                  ; 0                  ; 0                            ; 0                            ; 0               ; 0               ; 0               ; 0               ; 0                          ; 0                          ; 1                          ;
; state_r.jump                 ; 0               ; 0               ; 0                    ; 0                    ; 1            ; 0                  ; 0                  ; 0                            ; 0                            ; 0               ; 0               ; 0               ; 0               ; 0                          ; 0                          ; 1                          ;
; state_r.JumpAndLink1         ; 0               ; 0               ; 0                    ; 1                    ; 0            ; 0                  ; 0                  ; 0                            ; 0                            ; 0               ; 0               ; 0               ; 0               ; 0                          ; 0                          ; 1                          ;
; state_r.JumpAndLink2         ; 0               ; 0               ; 1                    ; 0                    ; 0            ; 0                  ; 0                  ; 0                            ; 0                            ; 0               ; 0               ; 0               ; 0               ; 0                          ; 0                          ; 1                          ;
; state_r.Branch1              ; 0               ; 1               ; 0                    ; 0                    ; 0            ; 0                  ; 0                  ; 0                            ; 0                            ; 0               ; 0               ; 0               ; 0               ; 0                          ; 0                          ; 1                          ;
; state_r.Branch2              ; 1               ; 0               ; 0                    ; 0                    ; 0            ; 0                  ; 0                  ; 0                            ; 0                            ; 0               ; 0               ; 0               ; 0               ; 0                          ; 0                          ; 1                          ;
+------------------------------+-----------------+-----------------+----------------------+----------------------+--------------+--------------------+--------------------+------------------------------+------------------------------+-----------------+-----------------+-----------------+-----------------+----------------------------+----------------------------+----------------------------+


+------------------------------------------------------+
; General Register Statistics                          ;
+----------------------------------------------+-------+
; Statistic                                    ; Value ;
+----------------------------------------------+-------+
; Total registers                              ; 36    ;
; Number of registers using Synchronous Clear  ; 0     ;
; Number of registers using Synchronous Load   ; 0     ;
; Number of registers using Asynchronous Clear ; 16    ;
; Number of registers using Asynchronous Load  ; 0     ;
; Number of registers using Clock Enable       ; 20    ;
; Number of registers using Preset             ; 0     ;
+----------------------------------------------+-------+


+------------------------------------------------------------------------------------------------------------------------------------------+
; Multiplexer Restructuring Statistics (Restructuring Performed)                                                                           ;
+--------------------+-----------+---------------+----------------------+------------------------+------------+----------------------------+
; Multiplexer Inputs ; Bus Width ; Baseline Area ; Area if Restructured ; Saving if Restructured ; Registered ; Example Multiplexer Output ;
+--------------------+-----------+---------------+----------------------+------------------------+------------+----------------------------+
; 4:1                ; 2 bits    ; 4 LEs         ; 2 LEs                ; 2 LEs                  ; No         ; |controller|ALUOp          ;
; 6:1                ; 2 bits    ; 8 LEs         ; 6 LEs                ; 2 LEs                  ; No         ; |controller|ALUOp          ;
; 65:1               ; 6 bits    ; 258 LEs       ; 42 LEs               ; 216 LEs                ; No         ; |controller|state_r        ;
+--------------------+-----------+---------------+----------------------+------------------------+------------+----------------------------+


+-----------------------------------------------------+
; Post-Synthesis Netlist Statistics for Top Partition ;
+-----------------------+-----------------------------+
; Type                  ; Count                       ;
+-----------------------+-----------------------------+
; boundary_port         ; 39                          ;
; cycloneiii_ff         ; 36                          ;
;     CLR               ; 16                          ;
;     ENA               ; 20                          ;
; cycloneiii_lcell_comb ; 66                          ;
;     normal            ; 66                          ;
;         1 data inputs ; 1                           ;
;         2 data inputs ; 8                           ;
;         3 data inputs ; 14                          ;
;         4 data inputs ; 43                          ;
;                       ;                             ;
; Max LUT depth         ; 5.00                        ;
; Average LUT depth     ; 2.79                        ;
+-----------------------+-----------------------------+


+-------------------------------+
; Elapsed Time Per Partition    ;
+----------------+--------------+
; Partition Name ; Elapsed Time ;
+----------------+--------------+
; Top            ; 00:00:00     ;
+----------------+--------------+


+-------------------------------+
; Analysis & Synthesis Messages ;
+-------------------------------+
Info: *******************************************************************
Info: Running Quartus Prime Analysis & Synthesis
    Info: Version 20.1.1 Build 720 11/11/2020 SJ Lite Edition
    Info: Processing started: Wed Apr 12 20:34:01 2023
Info: Command: quartus_map --read_settings_files=on --write_settings_files=off dd_final_project -c dd_final_project
Warning (18236): Number of processors has not been specified which may cause overloading on shared machines.  Set the global assignment NUM_PARALLEL_PROCESSORS in your QSF to an appropriate value for best performance.
Info (20030): Parallel compilation is enabled and will use 16 of the 24 processors detected
Info (12021): Found 2 design units, including 1 entities, in source file /users/klein/documents/school/digitaldesign/finalproject/controller.vhd
    Info (12022): Found design unit 1: controller-main File: C:/Users/klein/Documents/school/digitaldesign/finalproject/controller.vhd Line: 30
    Info (12023): Found entity 1: controller File: C:/Users/klein/Documents/school/digitaldesign/finalproject/controller.vhd Line: 5
Info (12021): Found 3 design units, including 1 entities, in source file /users/klein/documents/school/digitaldesign/finalproject/reg.vhd
    Info (12022): Found design unit 1: reg-reg_enabled File: C:/Users/klein/Documents/school/digitaldesign/finalproject/reg.vhd Line: 17
    Info (12022): Found design unit 2: reg-reg_not_enabled File: C:/Users/klein/Documents/school/digitaldesign/finalproject/reg.vhd Line: 35
    Info (12023): Found entity 1: reg File: C:/Users/klein/Documents/school/digitaldesign/finalproject/reg.vhd Line: 4
Info (12021): Found 2 design units, including 1 entities, in source file /users/klein/documents/school/digitaldesign/finalproject/ram256.vhd
    Info (12022): Found design unit 1: ram256-SYN File: C:/Users/klein/Documents/school/digitaldesign/finalproject/ram256.vhd Line: 55
    Info (12023): Found entity 1: ram256 File: C:/Users/klein/Documents/school/digitaldesign/finalproject/ram256.vhd Line: 43
Info (12021): Found 2 design units, including 1 entities, in source file /users/klein/documents/school/digitaldesign/finalproject/mux3_1.vhd
    Info (12022): Found design unit 1: mux3_1-bhv1 File: C:/Users/klein/Documents/school/digitaldesign/finalproject/mux3_1.vhd Line: 17
    Info (12023): Found entity 1: mux3_1 File: C:/Users/klein/Documents/school/digitaldesign/finalproject/mux3_1.vhd Line: 4
Info (12021): Found 2 design units, including 1 entities, in source file /users/klein/documents/school/digitaldesign/finalproject/memory.vhd
    Info (12022): Found design unit 1: memory-memory_bhv File: C:/Users/klein/Documents/school/digitaldesign/finalproject/memory.vhd Line: 24
    Info (12023): Found entity 1: memory File: C:/Users/klein/Documents/school/digitaldesign/finalproject/memory.vhd Line: 5
Info (12021): Found 2 design units, including 1 entities, in source file /users/klein/documents/school/digitaldesign/finalproject/alu.vhd
    Info (12022): Found design unit 1: alu-alu_bhv File: C:/Users/klein/Documents/school/digitaldesign/finalproject/alu.vhd Line: 21
    Info (12023): Found entity 1: alu File: C:/Users/klein/Documents/school/digitaldesign/finalproject/alu.vhd Line: 5
Info (12127): Elaborating entity "controller" for the top level hierarchy
Info (286030): Timing-Driven Synthesis is running
Info (16010): Generating hard_block partition "hard_block:auto_generated_inst"
    Info (16011): Adding 0 node(s), including 0 DDIO, 0 PLL, 0 transceiver and 0 LCELL
Info (21057): Implemented 119 device resources after synthesis - the final resource count might be different
    Info (21058): Implemented 19 input pins
    Info (21059): Implemented 20 output pins
    Info (21061): Implemented 80 logic cells
Info: Quartus Prime Analysis & Synthesis was successful. 0 errors, 1 warning
    Info: Peak virtual memory: 4855 megabytes
    Info: Processing ended: Wed Apr 12 20:34:09 2023
    Info: Elapsed time: 00:00:08
    Info: Total CPU time (on all processors): 00:00:16


